# JRE version: OpenJDK Runtime Environment (8.0_242-b01) (build 1.8.0_242-release-1644-b01)
# Java VM: OpenJDK 64-Bit Server VM (25.242-b01 mixed mode windows-amd64 compressed oops)
Heap:
 PSYoungGen      total 662016K, used 623744K [0x00000000d5580000, 0x00000000ffb80000, 0x0000000100000000)
  eden space 635904K, 96% used [0x00000000d5580000,0x00000000fae60148,0x00000000fc280000)
  from space 26112K, 32% used [0x00000000fe200000,0x00000000fea40000,0x00000000ffb80000)
  to   space 29184K, 0% used [0x00000000fc280000,0x00000000fc280000,0x00000000fdf00000)
 ParOldGen       total 201216K, used 105649K [0x0000000080000000, 0x000000008c480000, 0x00000000d5580000)
  object space 201216K, 52% used [0x0000000080000000,0x000000008672c748,0x000000008c480000)
 Metaspace       used 77433K, capacity 81532K, committed 82968K, reserved 1120256K
  class space    used 10436K, capacity 11205K, committed 11568K, reserved 1048576K
GC Heap History (10 events):
Event: 122.044 GC heap before
{Heap before GC invocations=34 (full 3):
 PSYoungGen      total 602624K, used 595870K [0x00000000d5580000, 0x00000000fbb00000, 0x0000000100000000)
  eden space 585216K, 100% used [0x00000000d5580000,0x00000000f9100000,0x00000000f9100000)
  from space 17408K, 61% used [0x00000000faa00000,0x00000000fb467b48,0x00000000fbb00000)
  to   space 21504K, 0% used [0x00000000f9100000,0x00000000f9100000,0x00000000fa600000)
 ParOldGen       total 139776K, used 126217K [0x0000000080000000, 0x0000000088880000, 0x00000000d5580000)
  object space 139776K, 90% used [0x0000000080000000,0x0000000087b424f8,0x0000000088880000)
 Metaspace       used 77879K, capacity 82754K, committed 82968K, reserved 1120256K
  class space    used 10595K, capacity 11458K, committed 11568K, reserved 1048576K
Event: 122.054 GC heap after
Heap after GC invocations=34 (full 3):
 PSYoungGen      total 606720K, used 1628K [0x00000000d5580000, 0x0000000100000000, 0x0000000100000000)
  eden space 585216K, 0% used [0x00000000d5580000,0x00000000d5580000,0x00000000f9100000)
  from space 21504K, 7% used [0x00000000f9100000,0x00000000f92972a0,0x00000000fa600000)
  to   space 20992K, 0% used [0x00000000feb80000,0x00000000feb80000,0x0000000100000000)
 ParOldGen       total 139776K, used 128137K [0x0000000080000000, 0x0000000088880000, 0x00000000d5580000)
  object space 139776K, 91% used [0x0000000080000000,0x0000000087d22590,0x0000000088880000)
 Metaspace       used 77879K, capacity 82754K, committed 82968K, reserved 1120256K
  class space    used 10595K, capacity 11458K, committed 11568K, reserved 1048576K
}
Event: 122.054 GC heap before
{Heap before GC invocations=35 (full 4):
 PSYoungGen      total 606720K, used 1628K [0x00000000d5580000, 0x0000000100000000, 0x0000000100000000)
  eden space 585216K, 0% used [0x00000000d5580000,0x00000000d5580000,0x00000000f9100000)
  from space 21504K, 7% used [0x00000000f9100000,0x00000000f92972a0,0x00000000fa600000)
  to   space 20992K, 0% used [0x00000000feb80000,0x00000000feb80000,0x0000000100000000)
 ParOldGen       total 139776K, used 128137K [0x0000000080000000, 0x0000000088880000, 0x00000000d5580000)
  object space 139776K, 91% used [0x0000000080000000,0x0000000087d22590,0x0000000088880000)
 Metaspace       used 77879K, capacity 82754K, committed 82968K, reserved 1120256K
  class space    used 10595K, capacity 11458K, committed 11568K, reserved 1048576K
Event: 122.232 GC heap after
Heap after GC invocations=35 (full 4):
 PSYoungGen      total 606720K, used 0K [0x00000000d5580000, 0x0000000100000000, 0x0000000100000000)
  eden space 585216K, 0% used [0x00000000d5580000,0x00000000d5580000,0x00000000f9100000)
  from space 21504K, 0% used [0x00000000f9100000,0x00000000f9100000,0x00000000fa600000)
  to   space 20992K, 0% used [0x00000000feb80000,0x00000000feb80000,0x0000000100000000)
 ParOldGen       total 201216K, used 56636K [0x0000000080000000, 0x000000008c480000, 0x00000000d5580000)
  object space 201216K, 28% used [0x0000000080000000,0x000000008374f020,0x000000008c480000)
 Metaspace       used 77397K, capacity 81460K, committed 82968K, reserved 1120256K
  class space    used 10430K, capacity 11167K, committed 11568K, reserved 1048576K
}
Event: 125.605 GC heap before
{Heap before GC invocations=36 (full 4):
 PSYoungGen      total 606720K, used 585216K [0x00000000d5580000, 0x0000000100000000, 0x0000000100000000)
  eden space 585216K, 100% used [0x00000000d5580000,0x00000000f9100000,0x00000000f9100000)
  from space 21504K, 0% used [0x00000000f9100000,0x00000000f9100000,0x00000000fa600000)
  to   space 20992K, 0% used [0x00000000feb80000,0x00000000feb80000,0x0000000100000000)
 ParOldGen       total 201216K, used 56636K [0x0000000080000000, 0x000000008c480000, 0x00000000d5580000)
  object space 201216K, 28% used [0x0000000080000000,0x000000008374f020,0x000000008c480000)
 Metaspace       used 77420K, capacity 81478K, committed 82968K, reserved 1120256K
  class space    used 10433K, capacity 11170K, committed 11568K, reserved 1048576K
Event: 125.674 GC heap after
Heap after GC invocations=36 (full 4):
 PSYoungGen      total 655360K, used 20962K [0x00000000d5580000, 0x0000000100000000, 0x0000000100000000)
  eden space 634368K, 0% used [0x00000000d5580000,0x00000000d5580000,0x00000000fc100000)
  from space 20992K, 99% used [0x00000000feb80000,0x00000000ffff8a80,0x0000000100000000)
  to   space 32256K, 0% used [0x00000000fc100000,0x00000000fc100000,0x00000000fe080000)
 ParOldGen       total 201216K, used 77471K [0x0000000080000000, 0x000000008c480000, 0x00000000d5580000)
  object space 201216K, 38% used [0x0000000080000000,0x0000000084ba7c00,0x000000008c480000)
 Metaspace       used 77420K, capacity 81478K, committed 82968K, reserved 1120256K
  class space    used 10433K, capacity 11170K, committed 11568K, reserved 1048576K
}
Event: 127.902 GC heap before
{Heap before GC invocations=37 (full 4):
 PSYoungGen      total 655360K, used 655330K [0x00000000d5580000, 0x0000000100000000, 0x0000000100000000)
  eden space 634368K, 100% used [0x00000000d5580000,0x00000000fc100000,0x00000000fc100000)
  from space 20992K, 99% used [0x00000000feb80000,0x00000000ffff8a80,0x0000000100000000)
  to   space 32256K, 0% used [0x00000000fc100000,0x00000000fc100000,0x00000000fe080000)
 ParOldGen       total 201216K, used 77471K [0x0000000080000000, 0x000000008c480000, 0x00000000d5580000)
  object space 201216K, 38% used [0x0000000080000000,0x0000000084ba7c00,0x000000008c480000)
 Metaspace       used 77430K, capacity 81528K, committed 82968K, reserved 1120256K
  class space    used 10436K, capacity 11205K, committed 11568K, reserved 1048576K
Event: 127.990 GC heap after
Heap after GC invocations=37 (full 4):
 PSYoungGen      total 666624K, used 8640K [0x00000000d5580000, 0x0000000100000000, 0x0000000100000000)
  eden space 634368K, 0% used [0x00000000d5580000,0x00000000d5580000,0x00000000fc100000)
  from space 32256K, 26% used [0x00000000fc100000,0x00000000fc970000,0x00000000fe080000)
  to   space 30720K, 0% used [0x00000000fe200000,0x00000000fe200000,0x0000000100000000)
 ParOldGen       total 201216K, used 97900K [0x0000000080000000, 0x000000008c480000, 0x00000000d5580000)
  object space 201216K, 48% used [0x0000000080000000,0x0000000085f9b1f8,0x000000008c480000)
 Metaspace       used 77430K, capacity 81528K, committed 82968K, reserved 1120256K
  class space    used 10436K, capacity 11205K, committed 11568K, reserved 1048576K
}
Event: 130.614 GC heap before
{Heap before GC invocations=38 (full 4):
 PSYoungGen      total 666624K, used 643008K [0x00000000d5580000, 0x0000000100000000, 0x0000000100000000)
  eden space 634368K, 100% used [0x00000000d5580000,0x00000000fc100000,0x00000000fc100000)
  from space 32256K, 26% used [0x00000000fc100000,0x00000000fc970000,0x00000000fe080000)
  to   space 30720K, 0% used [0x00000000fe200000,0x00000000fe200000,0x0000000100000000)
 ParOldGen       total 201216K, used 97900K [0x0000000080000000, 0x000000008c480000, 0x00000000d5580000)
  object space 201216K, 48% used [0x0000000080000000,0x0000000085f9b1f8,0x000000008c480000)
 Metaspace       used 77432K, capacity 81532K, committed 82968K, reserved 1120256K
  class space    used 10436K, capacity 11205K, committed 11568K, reserved 1048576K
Event: 130.685 GC heap after
Heap after GC invocations=38 (full 4):
 PSYoungGen      total 662016K, used 8448K [0x00000000d5580000, 0x00000000ffb80000, 0x0000000100000000)
  eden space 635904K, 0% used [0x00000000d5580000,0x00000000d5580000,0x00000000fc280000)
  from space 26112K, 32% used [0x00000000fe200000,0x00000000fea40000,0x00000000ffb80000)
  to   space 29184K, 0% used [0x00000000fc280000,0x00000000fc280000,0x00000000fdf00000)
 ParOldGen       total 201216K, used 105649K [0x0000000080000000, 0x000000008c480000, 0x00000000d5580000)
  object space 201216K, 52% used [0x0000000080000000,0x000000008672c748,0x000000008c480000)
 Metaspace       used 77432K, capacity 81532K, committed 82968K, reserved 1120256K
  class space    used 10436K, capacity 11205K, committed 11568K, reserved 1048576K
}

