# JRE version: OpenJDK Runtime Environment (8.0_242-b01) (build 1.8.0_242-release-1644-b01)
# Java VM: OpenJDK 64-Bit Server VM (25.242-b01 mixed mode windows-amd64 compressed oops)
Heap:
 PSYoungGen      total 512000K, used 154690K [0x00000000d5580000, 0x00000000f9600000, 0x0000000100000000)
  eden space 436224K, 31% used [0x00000000d5580000,0x00000000ddbfe700,0x00000000eff80000)
  from space 75776K, 22% used [0x00000000eff80000,0x00000000f10124b8,0x00000000f4980000)
  to   space 71680K, 0% used [0x00000000f5000000,0x00000000f5000000,0x00000000f9600000)
 ParOldGen       total 291840K, used 57810K [0x0000000080000000, 0x0000000091d00000, 0x00000000d5580000)
  object space 291840K, 19% used [0x0000000080000000,0x0000000083874980,0x0000000091d00000)
 Metaspace       used 98942K, capacity 103564K, committed 103884K, reserved 1140736K
  class space    used 12717K, capacity 13653K, committed 13696K, reserved 1048576K
GC Heap History (10 events):
Event: 289.025 GC heap before
{Heap before GC invocations=33 (full 4):
 PSYoungGen      total 505344K, used 28943K [0x00000000d5580000, 0x00000000f9b00000, 0x0000000100000000)
  eden space 436224K, 6% used [0x00000000d5580000,0x00000000d71c3c98,0x00000000eff80000)
  from space 69120K, 0% used [0x00000000f4980000,0x00000000f4980000,0x00000000f8d00000)
  to   space 75776K, 0% used [0x00000000eff80000,0x00000000eff80000,0x00000000f4980000)
 ParOldGen       total 291840K, used 82604K [0x0000000080000000, 0x0000000091d00000, 0x00000000d5580000)
  object space 291840K, 28% used [0x0000000080000000,0x00000000850ab1a0,0x0000000091d00000)
 Metaspace       used 93809K, capacity 97976K, committed 98636K, reserved 1134592K
  class space    used 12065K, capacity 12937K, committed 13056K, reserved 1048576K
Event: 289.038 GC heap after
Heap after GC invocations=33 (full 4):
 PSYoungGen      total 512000K, used 3042K [0x00000000d5580000, 0x00000000f9b00000, 0x0000000100000000)
  eden space 436224K, 0% used [0x00000000d5580000,0x00000000d5580000,0x00000000eff80000)
  from space 75776K, 4% used [0x00000000eff80000,0x00000000f0278a40,0x00000000f4980000)
  to   space 69120K, 0% used [0x00000000f4980000,0x00000000f4980000,0x00000000f8d00000)
 ParOldGen       total 291840K, used 82612K [0x0000000080000000, 0x0000000091d00000, 0x00000000d5580000)
  object space 291840K, 28% used [0x0000000080000000,0x00000000850ad1a0,0x0000000091d00000)
 Metaspace       used 93809K, capacity 97976K, committed 98636K, reserved 1134592K
  class space    used 12065K, capacity 12937K, committed 13056K, reserved 1048576K
}
Event: 289.038 GC heap before
{Heap before GC invocations=34 (full 5):
 PSYoungGen      total 512000K, used 3042K [0x00000000d5580000, 0x00000000f9b00000, 0x0000000100000000)
  eden space 436224K, 0% used [0x00000000d5580000,0x00000000d5580000,0x00000000eff80000)
  from space 75776K, 4% used [0x00000000eff80000,0x00000000f0278a40,0x00000000f4980000)
  to   space 69120K, 0% used [0x00000000f4980000,0x00000000f4980000,0x00000000f8d00000)
 ParOldGen       total 291840K, used 82612K [0x0000000080000000, 0x0000000091d00000, 0x00000000d5580000)
  object space 291840K, 28% used [0x0000000080000000,0x00000000850ad1a0,0x0000000091d00000)
 Metaspace       used 93809K, capacity 97976K, committed 98636K, reserved 1134592K
  class space    used 12065K, capacity 12937K, committed 13056K, reserved 1048576K
Event: 289.251 GC heap after
Heap after GC invocations=34 (full 5):
 PSYoungGen      total 512000K, used 0K [0x00000000d5580000, 0x00000000f9b00000, 0x0000000100000000)
  eden space 436224K, 0% used [0x00000000d5580000,0x00000000d5580000,0x00000000eff80000)
  from space 75776K, 0% used [0x00000000eff80000,0x00000000eff80000,0x00000000f4980000)
  to   space 69120K, 0% used [0x00000000f4980000,0x00000000f4980000,0x00000000f8d00000)
 ParOldGen       total 291840K, used 61013K [0x0000000080000000, 0x0000000091d00000, 0x00000000d5580000)
  object space 291840K, 20% used [0x0000000080000000,0x0000000083b955f0,0x0000000091d00000)
 Metaspace       used 93809K, capacity 97976K, committed 98636K, reserved 1134592K
  class space    used 12065K, capacity 12937K, committed 13056K, reserved 1048576K
}
Event: 290.970 GC heap before
{Heap before GC invocations=35 (full 5):
 PSYoungGen      total 512000K, used 15133K [0x00000000d5580000, 0x00000000f9b00000, 0x0000000100000000)
  eden space 436224K, 3% used [0x00000000d5580000,0x00000000d6447528,0x00000000eff80000)
  from space 75776K, 0% used [0x00000000eff80000,0x00000000eff80000,0x00000000f4980000)
  to   space 69120K, 0% used [0x00000000f4980000,0x00000000f4980000,0x00000000f8d00000)
 ParOldGen       total 291840K, used 61013K [0x0000000080000000, 0x0000000091d00000, 0x00000000d5580000)
  object space 291840K, 20% used [0x0000000080000000,0x0000000083b955f0,0x0000000091d00000)
 Metaspace       used 94097K, capacity 98274K, committed 98764K, reserved 1138688K
  class space    used 12118K, capacity 13012K, committed 13184K, reserved 1048576K
Event: 290.973 GC heap after
Heap after GC invocations=35 (full 5):
 PSYoungGen      total 505344K, used 905K [0x00000000d5580000, 0x00000000f9b00000, 0x0000000100000000)
  eden space 436224K, 0% used [0x00000000d5580000,0x00000000d5580000,0x00000000eff80000)
  from space 69120K, 1% used [0x00000000f4980000,0x00000000f4a625f8,0x00000000f8d00000)
  to   space 75776K, 0% used [0x00000000eff80000,0x00000000eff80000,0x00000000f4980000)
 ParOldGen       total 291840K, used 61021K [0x0000000080000000, 0x0000000091d00000, 0x00000000d5580000)
  object space 291840K, 20% used [0x0000000080000000,0x0000000083b975f0,0x0000000091d00000)
 Metaspace       used 94097K, capacity 98274K, committed 98764K, reserved 1138688K
  class space    used 12118K, capacity 13012K, committed 13184K, reserved 1048576K
}
Event: 290.973 GC heap before
{Heap before GC invocations=36 (full 6):
 PSYoungGen      total 505344K, used 905K [0x00000000d5580000, 0x00000000f9b00000, 0x0000000100000000)
  eden space 436224K, 0% used [0x00000000d5580000,0x00000000d5580000,0x00000000eff80000)
  from space 69120K, 1% used [0x00000000f4980000,0x00000000f4a625f8,0x00000000f8d00000)
  to   space 75776K, 0% used [0x00000000eff80000,0x00000000eff80000,0x00000000f4980000)
 ParOldGen       total 291840K, used 61021K [0x0000000080000000, 0x0000000091d00000, 0x00000000d5580000)
  object space 291840K, 20% used [0x0000000080000000,0x0000000083b975f0,0x0000000091d00000)
 Metaspace       used 94097K, capacity 98274K, committed 98764K, reserved 1138688K
  class space    used 12118K, capacity 13012K, committed 13184K, reserved 1048576K
Event: 291.387 GC heap after
Heap after GC invocations=36 (full 6):
 PSYoungGen      total 505344K, used 0K [0x00000000d5580000, 0x00000000f9b00000, 0x0000000100000000)
  eden space 436224K, 0% used [0x00000000d5580000,0x00000000d5580000,0x00000000eff80000)
  from space 69120K, 0% used [0x00000000f4980000,0x00000000f4980000,0x00000000f8d00000)
  to   space 75776K, 0% used [0x00000000eff80000,0x00000000eff80000,0x00000000f4980000)
 ParOldGen       total 291840K, used 57802K [0x0000000080000000, 0x0000000091d00000, 0x00000000d5580000)
  object space 291840K, 19% used [0x0000000080000000,0x0000000083872980,0x0000000091d00000)
 Metaspace       used 94097K, capacity 98274K, committed 98764K, reserved 1136640K
  class space    used 12118K, capacity 13012K, committed 13184K, reserved 1048576K
}
Event: 625.747 GC heap before
{Heap before GC invocations=37 (full 6):
 PSYoungGen      total 505344K, used 436224K [0x00000000d5580000, 0x00000000f9b00000, 0x0000000100000000)
  eden space 436224K, 100% used [0x00000000d5580000,0x00000000eff80000,0x00000000eff80000)
  from space 69120K, 0% used [0x00000000f4980000,0x00000000f4980000,0x00000000f8d00000)
  to   space 75776K, 0% used [0x00000000eff80000,0x00000000eff80000,0x00000000f4980000)
 ParOldGen       total 291840K, used 57802K [0x0000000080000000, 0x0000000091d00000, 0x00000000d5580000)
  object space 291840K, 19% used [0x0000000080000000,0x0000000083872980,0x0000000091d00000)
 Metaspace       used 98918K, capacity 103560K, committed 103884K, reserved 1140736K
  class space    used 12716K, capacity 13653K, committed 13696K, reserved 1048576K
Event: 625.776 GC heap after
Heap after GC invocations=37 (full 6):
 PSYoungGen      total 512000K, used 16969K [0x00000000d5580000, 0x00000000f9600000, 0x0000000100000000)
  eden space 436224K, 0% used [0x00000000d5580000,0x00000000d5580000,0x00000000eff80000)
  from space 75776K, 22% used [0x00000000eff80000,0x00000000f10124b8,0x00000000f4980000)
  to   space 71680K, 0% used [0x00000000f5000000,0x00000000f5000000,0x00000000f9600000)
 ParOldGen       total 291840K, used 57810K [0x0000000080000000, 0x0000000091d00000, 0x00000000d5580000)
  object space 291840K, 19% used [0x0000000080000000,0x0000000083874980,0x0000000091d00000)
 Metaspace       used 98918K, capacity 103560K, committed 103884K, reserved 1140736K
  class space    used 12716K, capacity 13653K, committed 13696K, reserved 1048576K
}

